                         4 .list
                         5 /*	sample program add.s */
                         6 
                         7 .section .text
                         8 start:
000400 33FC 0003         9 	move.w	#3,x	/* x番地に3を格納 */
       0000 0000         9 
000408 33FC 0004        10 	move.w	#4,y	/* y番地に4を格納 */
       0000 0000        10 
000410 3039 0000        11 	move.w	x, %d0  /* x番地の値をレジスタd0に格納 */
       0000             11 
000416 D079 0000        12 	add.w	y, %d0  /* y番地の値をレジスタd0に加える */
       0000             12 
00041c 33C0 0000        13 	move.w	%d0,z	/* レジスタd0の値をz番地に格納 */
       0000             13 
000422 4E72 2700        14 	stop	#0x2700	/* 終了 */
                        15 
                        16 .section .data
000428 0000             17 x:	.ds.w	1
00042a 0000             18 y:	.ds.w	1
00042c 0000             19 z:	.ds.w	1
                        20 
                        21 .end
