                         4 .list
                         5 ** 最小値を探索する
                         6 ** min.s
                         7 **
                         8 
                         9 .section .text
                        10 **--------------------------------------
                        11 ** メインルーチン
                        12 **--------------------------------------
                        13 start:
000400 223C 1234        14     move.l  #0x12345678, %d1 /* レジスタ退避を学ぶため、わざとレジスタd1に値
       5678             14 
000406 43F9 0000        15     lea.l   DATA, %a1        /* サブルーチンに移る前の準備としてa1にDATAのアド
       0000             15 
00040c 4EBA 0006        16     jsr     MINIMUM          /* MINIMUMサブルーチンに処理を移す */
000410 4E72 2700        17     stop #0x2700
                        18 
                        19 **---------------------------------------
                        20 ** サブルーチン（最小値探索）
                        21 ** 入力（引き数） %a1:探索対象データの先頭アドレス
                        22 ** 出力（戻り値） %d0:結果(最小値)
                        23 **---------------------------------------
                        24 MINIMUM:
000414 48E7 4040        25     movem.l %a1/%d1, -(%a7) /* レジスタの退避（push）（a1,d1の値をスタックに格
000418 7207             26     moveq.l #LENGTH, %d1    /* d1 = LENGTH - 1 */
00041a 5341             27     subq.w  #1, %d1
00041c 3011             28     move.w  (%a1), %d0
                        29 LOOP1:
00041e D2FC 0002        30     adda.w  #2, %a1         /* a1 = a1 + 2 */
000422 B051             31     cmp.w   (%a1), %d0
000424 6500 0004        32     bcs     LABEL1
000428 3011             33     move.w  (%a1), %d0
                        34 LABEL1:
00042a 5341             35     subq.w  #1, %d1
00042c 6600 FFF0        36     bne     LOOP1
000430 4CDF 0202        37     movem.l (%a7)+,%a1/%d1  /* レジスタの復帰（pop） */
000434 4E75             38     rts                     /* サブルーチン呼び出し元に戻る */
                        39 
                        40 **---------------------------------------
                        41 ** データエリア
                        42 **---------------------------------------
                        43 .section .data
                        44     .equ LENGTH, 7              /* データの個数 */
000438 0009 0005        45     DATA: dc.w 9,5,3,7,6,4,8
       0003 0007        45 
       0006 0004        45 
       0008             45 
