                         4 .list
                         5 **
                         6 ** Selection Sort
                         7 ** selection_sort.s
                         8 **
                         9 
                        10 .section .text
                        11 ** Main Routine
                        12 start:
000400 43F9 0000        13     lea.l   DATA,%a1    /* a1はソートするデータの先頭を指す */
       0000             13 
000406 4EBA 0006        14     jsr     SELECTION   /* 選択ソートのサブルーチンに分岐 */
00040a 4E72 2700        15     stop    #0x2700     /* 終了 */
                        16 
                        17 
                        18 ** Sub Routine
                        19 SELECTION:
00040e 48E7 E070        20     movem.l %d0-%d2/%a1-%a3, -(%a7) /* レジスタの退避 */
000412 7007             21     moveq.l #LENGTH, %d0
000414 5340             22     subq.w  #1, %d0     /* d0は外側のループの繰返回数 = LENGTH - 1 */
                        23 
                        24 LOOP2:
000416 3649             25     move.w  %a1,   %a3  /* a3は最小値のデータの場所を表す */
000418 3413             26     move.w  (%a3), %d2  /* d2は最小値のデータを表す */
00041a 3449             27     move.w  %a1,   %a2
00041c D4FC 0002        28     adda.w  #2,    %a2
000420 3200             29     move.w  %d0,   %d1  /* d1 = d0 */
                        30 
                        31 LOOP1:
000422 B452             32     cmp.w   (%a2), %d2
000424 6500 0006        33     bcs     LABEL1
000428 364A             34     move.w  %a2,   %a3
00042a 3413             35     move.w  (%a3), %d2
                        36 
                        37 LABEL1:
00042c D4FC 0002        38     adda.w  #2,    %a2  /* a2 <- a2 + 2 */
000430 5341             39     subq.w  #1,    %d1  /* d1 <- d1 - 1 */
000432 6600 FFEE        40     bne     LOOP1       /* 内側のループの終了判定 */
                        41 
000436 3691             42     move.w  (%a1), (%a3)/* swap(a1,a3) */
000438 3282             43     move.w  %d2,  (%a1)
                        44 
00043a D2FC 0002        45     adda.w  #2,    %a1
00043e 5340             46     subq.w  #1,    %d0
000440 6600 FFD4        47     bne     LOOP2       /* 外側のループの終了判定 */
                        48 
000444 4CDF 0E07        49     movem.l (%a7)+, %d0-%d2/%a1-%a3 /* レジスタの回復 */
000448 4E75             50     rts
                        51 
                        52 
                        53 ** Data Area
                        54 .section .data
                        55 .equ LENGTH, 7
00044c 0009 0005        56 DATA: .dc.w  9,5,3,7,6,4,8
       0003 0007        56 
       0006 0004        56 
       0008             56 
                        57 
                        58 .end
